#0 building with "default" instance using docker driver

#1 [flask_app internal] load build definition from Dockerfile
#1 transferring dockerfile: 2.06kB done
#1 DONE 0.0s

#2 [profile_db internal] load build definition from Dockerfile
#2 transferring dockerfile: 950B done
#2 DONE 0.0s

#3 [profile_db internal] load metadata for docker.io/library/debian:bullseye-slim
#3 ...

#4 [flask_app internal] load metadata for docker.io/library/ubuntu:20.04
#4 DONE 1.0s

#3 [profile_db internal] load metadata for docker.io/library/debian:bullseye-slim
#3 DONE 1.0s

#5 [flask_app internal] load .dockerignore
#5 transferring context: 2B done
#5 DONE 0.0s

#6 [profile_db internal] load .dockerignore
#6 transferring context: 2B done
#6 DONE 0.0s

#7 [profile_db  1/10] FROM docker.io/library/debian:bullseye-slim@sha256:fdd75562fdcde1039c2480a1ea1cd2cf03b18b6e4cb551cabb03bde66ade8a5d
#7 DONE 0.0s

#8 [flask_app  1/10] FROM docker.io/library/ubuntu:20.04@sha256:8feb4d8ca5354def3d8fce243717141ce31e2c428701f6682bd2fafe15388214
#8 DONE 0.0s

#9 [profile_db internal] load build context
#9 transferring context: 157B done
#9 DONE 0.0s

#10 [profile_db  3/10] RUN apt-get update && apt-get install -y     postgresql     redis-server     gcc     python3     python3-pip     libpq-dev
#10 CACHED

#11 [profile_db  8/10] RUN chown postgres:postgres /etc/postgresql/15/main/pg_hba.conf
#11 CACHED

#12 [profile_db  7/10] COPY pg_hba.conf /etc/postgresql/15/main/pg_hba.conf
#12 CACHED

#13 [profile_db  2/10] WORKDIR /app
#13 CACHED

#14 [profile_db  9/10] COPY entrypoint.sh /entrypoint.sh
#14 CACHED

#15 [profile_db  6/10] COPY . .
#15 CACHED

#16 [profile_db  4/10] COPY requirements.txt .
#16 CACHED

#17 [profile_db  5/10] RUN pip install --no-cache-dir -r requirements.txt
#17 CACHED

#18 [profile_db 10/10] RUN chmod +x /entrypoint.sh
#18 CACHED

#19 [flask_app internal] load build context
#19 transferring context: 103.20kB done
#19 DONE 0.0s

#20 [flask_app  3/10] RUN mkdir -p /etc/nginx/ssl
#20 CACHED

#21 [flask_app  4/10] RUN openssl req -x509 -nodes -days 365 -newkey rsa:2048     -keyout /etc/nginx/ssl/self-signed.key     -out /etc/nginx/ssl/self-signed.crt     -subj "/C=US/ST=State/L=City/O=Organization/OU=Unit/CN=localhost"
#21 CACHED

#22 [flask_app  2/10] RUN apt-get update && apt-get install -y     bash     build-essential     gcc     python3     python3-pip     libffi-dev     libssl-dev     ffmpeg     net-tools     supervisor     procps     openssl     tzdata     nginx     libnginx-mod-rtmp     openssl     curl     build-essential     git     bash     wget     ca-certificates     --no-install-recommends &&     ln -sf /usr/bin/python3 /usr/bin/python &&     ln -sf /usr/bin/pip3 /usr/bin/pip &&     rm -rf /var/lib/apt/lists/*
#22 CACHED

#23 [flask_app  5/10] RUN openssl dhparam -out /etc/nginx/ssl/dhparam.pem 2048
#23 CACHED

#24 [profile_db] exporting to image
#24 exporting layers done
#24 writing image sha256:d12e776b3cb9a519fbb74d5ecb609b80c64a5e94d41aeaf48b71027a94e22fdb done
#24 naming to docker.io/library/rtmp-bittorrent-profile_db done
#24 DONE 0.0s

#25 [flask_app  6/10] RUN mkdir -p /opt/mediamtx &&     cd /opt/mediamtx &&     wget --no-check-certificate https://github.com/bluenviron/mediamtx/releases/download/v1.9.1/mediamtx_v1.9.1_linux_amd64.tar.gz &&     tar -xvf mediamtx_v1.9.1_linux_amd64.tar.gz &&     chmod +x mediamtx
#25 CACHED

#26 [profile_db] resolving provenance for metadata file
#26 DONE 0.0s

#27 [flask_app  7/10] COPY . /app
#27 DONE 0.1s

#28 [webtorrent_seeder internal] load build definition from Dockerfile
#28 transferring dockerfile: 913B done
#28 DONE 0.0s

#29 [rtmp internal] load build definition from Dockerfile
#29 transferring dockerfile: 1.54kB done
#29 DONE 0.0s

#30 [flask_app  8/10] WORKDIR /app
#30 DONE 0.0s

#4 [webtorrent_seeder internal] load metadata for docker.io/library/ubuntu:20.04
#4 DONE 1.1s

#8 [webtorrent_seeder  1/10] FROM docker.io/library/ubuntu:20.04@sha256:8feb4d8ca5354def3d8fce243717141ce31e2c428701f6682bd2fafe15388214
#8 DONE 0.0s

#31 [rtmp internal] load .dockerignore
#31 transferring context: 2B done
#31 DONE 0.0s

#32 [webtorrent_seeder internal] load .dockerignore
#32 transferring context: 2B done
#32 DONE 0.0s

#33 [rtmp internal] load build context
#33 transferring context: 156B done
#33 DONE 0.0s

#34 [webtorrent_seeder internal] load build context
#34 transferring context: 58B done
#34 DONE 0.0s

#35 [rtmp 10/12] RUN pip3 install -r requirements.txt
#35 CACHED

#36 [rtmp  4/12] COPY nginx.conf /usr/local/nginx/conf
#36 CACHED

#37 [rtmp  6/12] RUN chmod +x /app/close_stream.sh
#37 CACHED

#38 [rtmp  7/12] RUN mkdir -p /etc/nginx/ssl
#38 CACHED

#39 [rtmp 11/12] COPY app.py /app/app.py
#39 CACHED

#40 [rtmp  2/12] RUN apt-get update && apt-get install -y     python3     python3-pip     curl     build-essential     libpcre3     libpcre3-dev     zlib1g-dev     libssl-dev     wget     git
#40 CACHED

#41 [rtmp  3/12] RUN mkdir -p /usr/src/nginx     && cd /usr/src/nginx     && wget http://nginx.org/download/nginx-1.21.1.tar.gz     && tar -zxvf nginx-1.21.1.tar.gz     && git clone https://github.com/arut/nginx-rtmp-module.git     && cd nginx-1.21.1     && ./configure --with-http_ssl_module --with-http_v2_module --with-stream --with-stream_ssl_module --with-compat --add-dynamic-module=../nginx-rtmp-module     && make     && make install
#41 CACHED

#42 [rtmp  5/12] COPY close_stream.sh /app/close_stream.sh
#42 CACHED

#43 [rtmp  9/12] COPY requirements.txt .
#43 CACHED

#44 [rtmp  8/12] WORKDIR /app
#44 CACHED

#45 [rtmp 12/12] COPY stat.xsl /usr/local/nginx/html/stat.xsl
#45 CACHED

#46 [webtorrent_seeder 2/7] RUN apt-get update && apt-get install -y     curl     inotify-tools     python3     python3-pip     ffmpeg     && rm -rf /var/lib/apt/lists/*
#46 CACHED

#47 [webtorrent_seeder 4/7] RUN npm install -g webtorrent-cli
#47 CACHED

#48 [webtorrent_seeder 3/7] RUN curl -fsSL https://deb.nodesource.com/setup_20.x | bash - &&     apt-get install -y nodejs &&     npm install -g npm@latest
#48 CACHED

#49 [webtorrent_seeder 5/7] RUN pip3 install flask requests
#49 CACHED

#50 [webtorrent_seeder 6/7] WORKDIR /app
#50 CACHED

#51 [webtorrent_seeder 7/7] COPY . /app/
#51 CACHED

#52 [rtmp] exporting to image
#52 exporting layers done
#52 writing image sha256:85999325e9065c28dda61978bcba2ffefd5a71b6def97947f81c0e3e63480955 done
#52 naming to docker.io/library/rtmp-bittorrent-rtmp done
#52 DONE 0.0s

#53 [webtorrent_seeder] exporting to image
#53 exporting layers done
#53 writing image sha256:9b8a2763ae831079ebc020ccb6fc77a3bdc472240367a1d0882a4490640ec1c7 done
#53 naming to docker.io/library/rtmp-bittorrent-webtorrent_seeder done
#53 DONE 0.0s

#54 [rtmp] resolving provenance for metadata file
#54 DONE 0.0s

#55 [webtorrent_seeder] resolving provenance for metadata file
#55 DONE 0.0s

#56 [flask_app  9/10] RUN pip install --no-cache-dir -r requirements.txt
#56 2.235 Collecting aiohttp==3.10.5
#56 2.302   Downloading aiohttp-3.10.5-cp38-cp38-manylinux_2_17_x86_64.manylinux2014_x86_64.whl (1.3 MB)
#56 2.491 Collecting aiosignal==1.3.1
#56 2.505   Downloading aiosignal-1.3.1-py3-none-any.whl (7.6 kB)
#56 2.537 Collecting aniso8601==9.0.1
#56 2.552   Downloading aniso8601-9.0.1-py2.py3-none-any.whl (52 kB)
#56 2.591 Collecting annotated-types==0.7.0
#56 2.603   Downloading annotated_types-0.7.0-py3-none-any.whl (13 kB)
#56 2.639 Collecting async-timeout==4.0.3
#56 2.653   Downloading async_timeout-4.0.3-py3-none-any.whl (5.7 kB)
#56 2.692 Collecting attrs==24.2.0
#56 2.705   Downloading attrs-24.2.0-py3-none-any.whl (63 kB)
#56 3.368 Collecting bitarray==2.9.2
#56 3.384   Downloading bitarray-2.9.2-cp38-cp38-manylinux_2_17_x86_64.manylinux2014_x86_64.whl (287 kB)
#56 3.445 Collecting blinker==1.8.2
#56 3.459   Downloading blinker-1.8.2-py3-none-any.whl (9.5 kB)
#56 3.502 Collecting certifi==2024.8.30
#56 3.520   Downloading certifi-2024.8.30-py3-none-any.whl (167 kB)
#56 3.805 Collecting charset-normalizer==3.3.2
#56 3.819   Downloading charset_normalizer-3.3.2-cp38-cp38-manylinux_2_17_x86_64.manylinux2014_x86_64.whl (141 kB)
#56 3.993 Collecting ckzg==2.0.0
#56 4.008   Downloading ckzg-2.0.0-cp38-cp38-manylinux_2_17_x86_64.manylinux2014_x86_64.whl (165 kB)
#56 4.068 Collecting click==8.1.7
#56 4.088   Downloading click-8.1.7-py3-none-any.whl (97 kB)
#56 4.274 Collecting cytoolz==0.12.3
#56 4.294   Downloading cytoolz-0.12.3-cp38-cp38-manylinux_2_17_x86_64.manylinux2014_x86_64.whl (2.0 MB)
#56 4.577 Collecting eth-account==0.13.3
#56 4.592   Downloading eth_account-0.13.3-py3-none-any.whl (580 kB)
#56 4.729 Collecting eth-hash==0.7.0
#56 4.743   Downloading eth_hash-0.7.0-py3-none-any.whl (8.7 kB)
#56 4.796 Collecting eth-keyfile==0.8.1
#56 4.810   Downloading eth_keyfile-0.8.1-py3-none-any.whl (7.5 kB)
#56 4.865 Collecting eth-keys==0.5.1
#56 4.879   Downloading eth_keys-0.5.1-py3-none-any.whl (21 kB)
#56 4.949 Collecting eth-rlp==2.1.0
#56 4.965   Downloading eth_rlp-2.1.0-py3-none-any.whl (5.1 kB)
#56 5.050 Collecting eth-typing==5.0.0
#56 5.065   Downloading eth_typing-5.0.0-py3-none-any.whl (20 kB)
#56 5.196 Collecting eth-utils==5.0.0
#56 5.210   Downloading eth_utils-5.0.0-py3-none-any.whl (100 kB)
#56 5.297 Collecting eth_abi==5.1.0
#56 5.311   Downloading eth_abi-5.1.0-py3-none-any.whl (29 kB)
#56 5.372 Collecting Flask==3.0.3
#56 5.386   Downloading flask-3.0.3-py3-none-any.whl (101 kB)
#56 5.449 Collecting Flask-RESTful==0.3.10
#56 5.463   Downloading Flask_RESTful-0.3.10-py2.py3-none-any.whl (26 kB)
#56 5.656 Collecting frozenlist==1.4.1
#56 5.674   Downloading frozenlist-1.4.1-cp38-cp38-manylinux_2_5_x86_64.manylinux1_x86_64.manylinux_2_17_x86_64.manylinux2014_x86_64.whl (240 kB)
#56 6.084 Collecting gevent==24.2.1
#56 6.105   Downloading gevent-24.2.1-cp38-cp38-manylinux_2_17_x86_64.manylinux2014_x86_64.whl (6.7 MB)
#56 6.929 Collecting gunicorn==23.0.0
#56 6.942   Downloading gunicorn-23.0.0-py3-none-any.whl (85 kB)
#56 7.012 Collecting hexbytes==1.2.1
#56 7.028   Downloading hexbytes-1.2.1-py3-none-any.whl (5.2 kB)
#56 7.074 Collecting idna==3.8
#56 7.089   Downloading idna-3.8-py3-none-any.whl (66 kB)
#56 7.131 Collecting itsdangerous==2.2.0
#56 7.145   Downloading itsdangerous-2.2.0-py3-none-any.whl (16 kB)
#56 7.186 Collecting Jinja2==3.1.4
#56 7.201   Downloading jinja2-3.1.4-py3-none-any.whl (133 kB)
#56 7.385 Collecting MarkupSafe==2.1.5
#56 7.402   Downloading MarkupSafe-2.1.5-cp38-cp38-manylinux_2_17_x86_64.manylinux2014_x86_64.whl (26 kB)
#56 8.097 Collecting multidict==6.0.5
#56 8.112   Downloading multidict-6.0.5-cp38-cp38-manylinux_2_17_x86_64.manylinux2014_x86_64.whl (129 kB)
#56 8.171 Collecting packaging==24.1
#56 8.183   Downloading packaging-24.1-py3-none-any.whl (53 kB)
#56 8.236 Collecting parsimonious==0.10.0
#56 8.250   Downloading parsimonious-0.10.0-py3-none-any.whl (48 kB)
#56 8.548 Collecting pycryptodome==3.20.0
#56 8.562   Downloading pycryptodome-3.20.0-cp35-abi3-manylinux_2_17_x86_64.manylinux2014_x86_64.whl (2.1 MB)
#56 9.218 Collecting pydantic==2.8.2
#56 9.233   Downloading pydantic-2.8.2-py3-none-any.whl (423 kB)
#56 11.45 Collecting pydantic_core==2.20.1
#56 11.46   Downloading pydantic_core-2.20.1-cp38-cp38-manylinux_2_17_x86_64.manylinux2014_x86_64.whl (2.1 MB)
#56 11.80 Collecting pytz==2024.1
#56 11.82   Downloading pytz-2024.1-py2.py3-none-any.whl (505 kB)
#56 11.97 Collecting pyunormalize==15.1.0
#56 12.00   Downloading pyunormalize-15.1.0.tar.gz (515 kB)
#56 12.28 Collecting qbittorrent==0.1.6
#56 12.30   Downloading qbittorrent-0.1.6.tar.gz (2.8 kB)
#56 12.49 Collecting qbittorrent-api==2024.8.65
#56 12.50   Downloading qbittorrent_api-2024.8.65-py3-none-any.whl (64 kB)
#56 13.55 Collecting regex==2024.7.24
#56 13.56   Downloading regex-2024.7.24-cp38-cp38-manylinux_2_17_x86_64.manylinux2014_x86_64.whl (778 kB)
#56 13.72 Collecting requests==2.32.3
#56 13.73   Downloading requests-2.32.3-py3-none-any.whl (64 kB)
#56 13.79 Collecting rlp==4.0.1
#56 13.81   Downloading rlp-4.0.1-py3-none-any.whl (20 kB)
#56 13.86 Collecting six==1.16.0
#56 13.87   Downloading six-1.16.0-py2.py3-none-any.whl (11 kB)
#56 13.90 Collecting toolz==0.12.1
#56 13.91   Downloading toolz-0.12.1-py3-none-any.whl (56 kB)
#56 14.06 Collecting types-requests==2.32.0.20240712
#56 14.07   Downloading types_requests-2.32.0.20240712-py3-none-any.whl (15 kB)
#56 14.12 Collecting typing_extensions==4.12.2
#56 14.13   Downloading typing_extensions-4.12.2-py3-none-any.whl (37 kB)
#56 14.20 Collecting urllib3==2.2.2
#56 14.21   Downloading urllib3-2.2.2-py3-none-any.whl (121 kB)
#56 14.37 Collecting web3==7.2.0
#56 14.38   Downloading web3-7.2.0-py3-none-any.whl (1.3 MB)
#56 14.86 Collecting websockets==13.0.1
#56 14.87   Downloading websockets-13.0.1-cp38-cp38-manylinux_2_5_x86_64.manylinux1_x86_64.manylinux_2_17_x86_64.manylinux2014_x86_64.whl (157 kB)
#56 14.95 Collecting Werkzeug==3.0.4
#56 14.97   Downloading werkzeug-3.0.4-py3-none-any.whl (227 kB)
#56 15.95 WARNING: The candidate selected for download or install is a yanked version: 'yarl' candidate (version 1.9.6 at https://files.pythonhosted.org/packages/d6/26/7b213dbd0355faed91998a18cfb5b6f48a69319bd97f49b78df3548c7e3a/yarl-1.9.6-cp38-cp38-manylinux_2_17_x86_64.manylinux2014_x86_64.whl#sha256=9dfb4e7e53e3dd9a4f32818abfe4575e7cc6f5fa002a859529108ed1c657e169 (from https://pypi.org/simple/yarl/) (requires-python:>=3.8))
#56 15.95 Reason for being yanked: Performance regression: https://github.com/aio-libs/yarl/pull/1198
#56 15.95 Collecting yarl==1.9.6
#56 15.96   Downloading yarl-1.9.6-cp38-cp38-manylinux_2_17_x86_64.manylinux2014_x86_64.whl (313 kB)
#56 16.05 Collecting flask-cors
#56 16.06   Downloading Flask_Cors-5.0.0-py2.py3-none-any.whl (14 kB)
#56 16.12 Collecting docker
#56 16.14   Downloading docker-7.1.0-py3-none-any.whl (147 kB)
#56 16.74 Collecting cryptography
#56 16.76   Downloading cryptography-44.0.3-cp37-abi3-manylinux_2_17_x86_64.manylinux2014_x86_64.whl (4.2 MB)
#56 17.25 Collecting aiohappyeyeballs>=2.3.0
#56 17.27   Downloading aiohappyeyeballs-2.4.4-py3-none-any.whl (14 kB)
#56 17.36 Collecting importlib-metadata>=3.6.0; python_version < "3.10"
#56 17.37   Downloading importlib_metadata-8.5.0-py3-none-any.whl (26 kB)
#56 17.42 Collecting zope.event
#56 17.43   Downloading zope.event-5.0-py3-none-any.whl (6.8 kB)
#56 17.83 Collecting greenlet>=2.0.0; platform_python_implementation == "CPython" and python_version < "3.11"
#56 17.84   Downloading greenlet-3.1.1-cp38-cp38-manylinux_2_17_x86_64.manylinux2014_x86_64.whl (650 kB)
#56 18.35 Collecting zope.interface
#56 18.37   Downloading zope.interface-7.2-cp38-cp38-manylinux_2_5_x86_64.manylinux1_x86_64.manylinux_2_17_x86_64.manylinux2014_x86_64.whl (257 kB)
#56 18.71 Collecting cffi>=1.12; platform_python_implementation != "PyPy"
#56 18.73   Downloading cffi-1.17.1-cp38-cp38-manylinux_2_17_x86_64.manylinux2014_x86_64.whl (446 kB)
#56 18.82 Collecting zipp>=3.20
#56 18.84   Downloading zipp-3.20.2-py3-none-any.whl (9.2 kB)
#56 18.85 Requirement already satisfied: setuptools in /usr/lib/python3/dist-packages (from zope.event->gevent==24.2.1->-r requirements.txt (line 25)) (45.2.0)
#56 18.88 Collecting pycparser
#56 18.89   Downloading pycparser-2.22-py3-none-any.whl (117 kB)
#56 18.91 Building wheels for collected packages: pyunormalize, qbittorrent
#56 18.91   Building wheel for pyunormalize (setup.py): started
#56 19.15   Building wheel for pyunormalize (setup.py): finished with status 'done'
#56 19.15   Created wheel for pyunormalize: filename=pyunormalize-15.1.0-py3-none-any.whl size=516034 sha256=7100ebfaf35c1866b20bb5223d0cd8225935882d42ffe1b16ce58344f97cb85e
#56 19.15   Stored in directory: /tmp/pip-ephem-wheel-cache-uk8ibsel/wheels/9c/b0/c0/a498ec8b5b9c4490e66cf5a29822cf1d31eff5dcae13313b6b
#56 19.15   Building wheel for qbittorrent (setup.py): started
#56 19.30   Building wheel for qbittorrent (setup.py): finished with status 'done'
#56 19.30   Created wheel for qbittorrent: filename=qbittorrent-0.1.6-py3-none-any.whl size=3312 sha256=78011c4d7c28a8b9af5dfaf46a00a741a598b83f893dd07f40322812b34089a8
#56 19.30   Stored in directory: /tmp/pip-ephem-wheel-cache-uk8ibsel/wheels/4c/8e/7e/ce9881179955c9bc997f92aaff89d11dff9986a1656e523fb5
#56 19.30 Successfully built pyunormalize qbittorrent
#56 19.67 Installing collected packages: async-timeout, multidict, frozenlist, aiosignal, aiohappyeyeballs, attrs, idna, yarl, aiohttp, aniso8601, typing-extensions, annotated-types, bitarray, blinker, certifi, charset-normalizer, ckzg, click, toolz, cytoolz, eth-typing, hexbytes, eth-hash, eth-utils, regex, parsimonious, eth-abi, pydantic-core, pydantic, pycryptodome, eth-keys, eth-keyfile, rlp, eth-rlp, eth-account, MarkupSafe, Jinja2, itsdangerous, zipp, importlib-metadata, Werkzeug, Flask, pytz, six, Flask-RESTful, zope.event, greenlet, zope.interface, gevent, packaging, gunicorn, pyunormalize, urllib3, requests, qbittorrent, qbittorrent-api, types-requests, websockets, web3, flask-cors, docker, pycparser, cffi, cryptography
#56 22.59 Successfully installed Flask-3.0.3 Flask-RESTful-0.3.10 Jinja2-3.1.4 MarkupSafe-2.1.5 Werkzeug-3.0.4 aiohappyeyeballs-2.4.4 aiohttp-3.10.5 aiosignal-1.3.1 aniso8601-9.0.1 annotated-types-0.7.0 async-timeout-4.0.3 attrs-24.2.0 bitarray-2.9.2 blinker-1.8.2 certifi-2024.8.30 cffi-1.17.1 charset-normalizer-3.3.2 ckzg-2.0.0 click-8.1.7 cryptography-44.0.3 cytoolz-0.12.3 docker-7.1.0 eth-abi-5.1.0 eth-account-0.13.3 eth-hash-0.7.0 eth-keyfile-0.8.1 eth-keys-0.5.1 eth-rlp-2.1.0 eth-typing-5.0.0 eth-utils-5.0.0 flask-cors-5.0.0 frozenlist-1.4.1 gevent-24.2.1 greenlet-3.1.1 gunicorn-23.0.0 hexbytes-1.2.1 idna-3.8 importlib-metadata-8.5.0 itsdangerous-2.2.0 multidict-6.0.5 packaging-24.1 parsimonious-0.10.0 pycparser-2.22 pycryptodome-3.20.0 pydantic-2.8.2 pydantic-core-2.20.1 pytz-2024.1 pyunormalize-15.1.0 qbittorrent-0.1.6 qbittorrent-api-2024.8.65 regex-2024.7.24 requests-2.32.3 rlp-4.0.1 six-1.16.0 toolz-0.12.1 types-requests-2.32.0.20240712 typing-extensions-4.12.2 urllib3-2.2.2 web3-7.2.0 websockets-13.0.1 yarl-1.9.6 zipp-3.20.2 zope.event-5.0 zope.interface-7.2
#56 DONE 23.2s

#57 [flask_app 10/10] COPY nginx.conf /etc/nginx/nginx.conf
#57 DONE 0.0s

#58 [flask_app] exporting to image
#58 exporting layers
#58 exporting layers 0.5s done
#58 writing image sha256:9b43559a0d7cde568b71eaf78098274a29f605019ba755788bba7b3a4b656f3f done
#58 naming to docker.io/library/rtmp-bittorrent-flask_app done
#58 DONE 0.5s

#59 [flask_app] resolving provenance for metadata file
#59 DONE 0.0s
